[1/2] "C:/Program Files (x86)/Microsoft Visual Studio/2022/BuildTools/Common7/IDE/CommonExtensions/Microsoft/CMake/CMake/bin/cmake.exe" -E chdir "../../x64-windows-dbg" "C:/Program Files (x86)/Microsoft Visual Studio/2022/BuildTools/Common7/IDE/CommonExtensions/Microsoft/CMake/CMake/bin/cmake.exe" "C:/Users/Redux/cpp-asteroids-sdl2/vcpkg_installed/vcpkg/blds/yasm/src/d25248d823-5776a3607f.clean" "-G" "Ninja" "-DCMAKE_BUILD_TYPE=Debug" "-DCMAKE_INSTALL_PREFIX=C:/Users/Redux/cpp-asteroids-sdl2/vcpkg_installed/vcpkg/pkgs/yasm_x64-windows/debug" "-DFETCHCONTENT_FULLY_DISCONNECTED=ON" "-DBUILD_TOOLS=ON" "-DPYTHON_EXECUTABLE=C:/Users/Redux/AppData/Local/vcpkg/downloads/tools/python/python-3.12.7-x64-1/python.exe" "-DENABLE_NLS=OFF" "-DYASM_BUILD_TESTS=OFF" "-DCMAKE_MAKE_PROGRAM=C:/Program Files (x86)/Microsoft Visual Studio/2022/BuildTools/Common7/IDE/CommonExtensions/Microsoft/CMake/Ninja/ninja.exe" "-DBUILD_SHARED_LIBS=ON" "-DVCPKG_CHAINLOAD_TOOLCHAIN_FILE=C:/Program Files (x86)/Microsoft Visual Studio/2022/BuildTools/VC/vcpkg/scripts/toolchains/windows.cmake" "-DVCPKG_TARGET_TRIPLET=x64-windows" "-DVCPKG_SET_CHARSET_FLAG=ON" "-DVCPKG_PLATFORM_TOOLSET=v143" "-DCMAKE_EXPORT_NO_PACKAGE_REGISTRY=ON" "-DCMAKE_FIND_PACKAGE_NO_PACKAGE_REGISTRY=ON" "-DCMAKE_FIND_PACKAGE_NO_SYSTEM_PACKAGE_REGISTRY=ON" "-DCMAKE_INSTALL_SYSTEM_RUNTIME_LIBS_SKIP=TRUE" "-DCMAKE_VERBOSE_MAKEFILE=ON" "-DVCPKG_APPLOCAL_DEPS=OFF" "-DCMAKE_TOOLCHAIN_FILE=C:/Program Files (x86)/Microsoft Visual Studio/2022/BuildTools/VC/vcpkg/scripts/buildsystems/vcpkg.cmake" "-DCMAKE_ERROR_ON_ABSOLUTE_INSTALL_DESTINATION=ON" "-DVCPKG_CXX_FLAGS=" "-DVCPKG_CXX_FLAGS_RELEASE=" "-DVCPKG_CXX_FLAGS_DEBUG=" "-DVCPKG_C_FLAGS=" "-DVCPKG_C_FLAGS_RELEASE=" "-DVCPKG_C_FLAGS_DEBUG=" "-DVCPKG_CRT_LINKAGE=dynamic" "-DVCPKG_LINKER_FLAGS=" "-DVCPKG_LINKER_FLAGS_RELEASE=" "-DVCPKG_LINKER_FLAGS_DEBUG=" "-DVCPKG_TARGET_ARCHITECTURE=x64" "-DCMAKE_INSTALL_LIBDIR:STRING=lib" "-DCMAKE_INSTALL_BINDIR:STRING=bin" "-D_VCPKG_ROOT_DIR=C:/Program Files (x86)/Microsoft Visual Studio/2022/BuildTools/VC/vcpkg" "-D_VCPKG_INSTALLED_DIR=C:/Users/Redux/cpp-asteroids-sdl2/vcpkg_installed" "-DVCPKG_MANIFEST_INSTALL=OFF"
CMake Warning (dev) at CMakeLists.txt:1 (PROJECT):
  cmake_minimum_required() should be called prior to this top-level project()
  call.  Please see the cmake-commands(7) manual for usage documentation of
  both commands.
This warning is for project developers.  Use -Wno-dev to suppress it.

-- The C compiler identification is MSVC 19.44.35217.0
-- The CXX compiler identification is MSVC 19.44.35217.0
-- Detecting C compiler ABI info
-- Detecting C compiler ABI info - done
-- Check for working C compiler: C:/Program Files (x86)/Microsoft Visual Studio/2022/BuildTools/VC/Tools/MSVC/14.44.35207/bin/Hostx64/x64/cl.exe - skipped
-- Detecting C compile features
-- Detecting C compile features - done
-- Detecting CXX compiler ABI info
-- Detecting CXX compiler ABI info - done
-- Check for working CXX compiler: C:/Program Files (x86)/Microsoft Visual Studio/2022/BuildTools/VC/Tools/MSVC/14.44.35207/bin/Hostx64/x64/cl.exe - skipped
-- Detecting CXX compile features
-- Detecting CXX compile features - done
CMake Deprecation Warning at CMakeLists.txt:2 (CMAKE_MINIMUM_REQUIRED):
  Compatibility with CMake < 3.10 will be removed from a future version of
  CMake.

  Update the VERSION argument <min> value.  Or, use the <min>...<max> syntax
  to tell CMake that the project requires at least <min> but has been updated
  to work with policies introduced by <max> or earlier.


-- Looking for locale.h
-- Looking for locale.h - found
-- Looking for libgen.h
-- Looking for libgen.h - not found
-- Looking for unistd.h
-- Looking for unistd.h - not found
-- Looking for direct.h
-- Looking for direct.h - found
-- Looking for stdint.h
-- Looking for stdint.h - found
-- Looking for abort
-- Looking for abort - found
-- Looking for getcwd
-- Looking for getcwd - found
-- Looking for toascii
-- Looking for toascii - not found
-- Looking for dlopen in dl
-- Looking for dlopen in dl - not found
CMake Warning (dev) at ConfigureChecks.cmake:37 (INCLUDE):
  Policy CMP0148 is not set: The FindPythonInterp and FindPythonLibs modules
  are removed.  Run "cmake --help-policy CMP0148" for policy details.  Use
  the cmake_policy command to set the policy and suppress this warning.

Call Stack (most recent call first):
  CMakeLists.txt:36 (INCLUDE)
This warning is for project developers.  Use -Wno-dev to suppress it.

-- Found PythonInterp: C:/Users/Redux/AppData/Local/vcpkg/downloads/tools/python/python-3.12.7-x64-1/python.exe (found version "3.12.7")
-- Standard modules: arch_lc3b;arch_x86;listfmt_nasm;parser_gas;parser_nasm;preproc_nasm;preproc_raw;preproc_cpp;preproc_gas;dbgfmt_cv8;dbgfmt_dwarf2;dbgfmt_null;dbgfmt_stabs;objfmt_dbg;objfmt_bin;objfmt_elf;objfmt_elf32;objfmt_elf64;objfmt_elfx32;objfmt_coff;objfmt_win32;objfmt_win64;objfmt_x64;objfmt_macho;objfmt_macho32;objfmt_macho64;objfmt_rdf;objfmt_xdf
-- Generating standard plugin initialization file
-- Configuring done (4.7s)
-- Generating done (0.2s)
CMake Warning:
  Manually-specified variables were not used by the project:

    CMAKE_INSTALL_BINDIR
    CMAKE_INSTALL_LIBDIR
    FETCHCONTENT_FULLY_DISCONNECTED
    _VCPKG_ROOT_DIR


-- Build files have been written to: C:/Users/Redux/cpp-asteroids-sdl2/vcpkg_installed/vcpkg/blds/yasm/x64-windows-dbg
[2/2] "C:/Program Files (x86)/Microsoft Visual Studio/2022/BuildTools/Common7/IDE/CommonExtensions/Microsoft/CMake/CMake/bin/cmake.exe" -E chdir ".." "C:/Program Files (x86)/Microsoft Visual Studio/2022/BuildTools/Common7/IDE/CommonExtensions/Microsoft/CMake/CMake/bin/cmake.exe" "C:/Users/Redux/cpp-asteroids-sdl2/vcpkg_installed/vcpkg/blds/yasm/src/d25248d823-5776a3607f.clean" "-G" "Ninja" "-DCMAKE_BUILD_TYPE=Release" "-DCMAKE_INSTALL_PREFIX=C:/Users/Redux/cpp-asteroids-sdl2/vcpkg_installed/vcpkg/pkgs/yasm_x64-windows" "-DFETCHCONTENT_FULLY_DISCONNECTED=ON" "-DBUILD_TOOLS=ON" "-DPYTHON_EXECUTABLE=C:/Users/Redux/AppData/Local/vcpkg/downloads/tools/python/python-3.12.7-x64-1/python.exe" "-DENABLE_NLS=OFF" "-DYASM_BUILD_TESTS=OFF" "-DCMAKE_MAKE_PROGRAM=C:/Program Files (x86)/Microsoft Visual Studio/2022/BuildTools/Common7/IDE/CommonExtensions/Microsoft/CMake/Ninja/ninja.exe" "-DBUILD_SHARED_LIBS=ON" "-DVCPKG_CHAINLOAD_TOOLCHAIN_FILE=C:/Program Files (x86)/Microsoft Visual Studio/2022/BuildTools/VC/vcpkg/scripts/toolchains/windows.cmake" "-DVCPKG_TARGET_TRIPLET=x64-windows" "-DVCPKG_SET_CHARSET_FLAG=ON" "-DVCPKG_PLATFORM_TOOLSET=v143" "-DCMAKE_EXPORT_NO_PACKAGE_REGISTRY=ON" "-DCMAKE_FIND_PACKAGE_NO_PACKAGE_REGISTRY=ON" "-DCMAKE_FIND_PACKAGE_NO_SYSTEM_PACKAGE_REGISTRY=ON" "-DCMAKE_INSTALL_SYSTEM_RUNTIME_LIBS_SKIP=TRUE" "-DCMAKE_VERBOSE_MAKEFILE=ON" "-DVCPKG_APPLOCAL_DEPS=OFF" "-DCMAKE_TOOLCHAIN_FILE=C:/Program Files (x86)/Microsoft Visual Studio/2022/BuildTools/VC/vcpkg/scripts/buildsystems/vcpkg.cmake" "-DCMAKE_ERROR_ON_ABSOLUTE_INSTALL_DESTINATION=ON" "-DVCPKG_CXX_FLAGS=" "-DVCPKG_CXX_FLAGS_RELEASE=" "-DVCPKG_CXX_FLAGS_DEBUG=" "-DVCPKG_C_FLAGS=" "-DVCPKG_C_FLAGS_RELEASE=" "-DVCPKG_C_FLAGS_DEBUG=" "-DVCPKG_CRT_LINKAGE=dynamic" "-DVCPKG_LINKER_FLAGS=" "-DVCPKG_LINKER_FLAGS_RELEASE=" "-DVCPKG_LINKER_FLAGS_DEBUG=" "-DVCPKG_TARGET_ARCHITECTURE=x64" "-DCMAKE_INSTALL_LIBDIR:STRING=lib" "-DCMAKE_INSTALL_BINDIR:STRING=bin" "-D_VCPKG_ROOT_DIR=C:/Program Files (x86)/Microsoft Visual Studio/2022/BuildTools/VC/vcpkg" "-D_VCPKG_INSTALLED_DIR=C:/Users/Redux/cpp-asteroids-sdl2/vcpkg_installed" "-DVCPKG_MANIFEST_INSTALL=OFF"
CMake Warning (dev) at CMakeLists.txt:1 (PROJECT):
  cmake_minimum_required() should be called prior to this top-level project()
  call.  Please see the cmake-commands(7) manual for usage documentation of
  both commands.
This warning is for project developers.  Use -Wno-dev to suppress it.

-- The C compiler identification is MSVC 19.44.35217.0
-- The CXX compiler identification is MSVC 19.44.35217.0
-- Detecting C compiler ABI info
-- Detecting C compiler ABI info - done
-- Check for working C compiler: C:/Program Files (x86)/Microsoft Visual Studio/2022/BuildTools/VC/Tools/MSVC/14.44.35207/bin/Hostx64/x64/cl.exe - skipped
-- Detecting C compile features
-- Detecting C compile features - done
-- Detecting CXX compiler ABI info
-- Detecting CXX compiler ABI info - done
-- Check for working CXX compiler: C:/Program Files (x86)/Microsoft Visual Studio/2022/BuildTools/VC/Tools/MSVC/14.44.35207/bin/Hostx64/x64/cl.exe - skipped
-- Detecting CXX compile features
-- Detecting CXX compile features - done
CMake Deprecation Warning at CMakeLists.txt:2 (CMAKE_MINIMUM_REQUIRED):
  Compatibility with CMake < 3.10 will be removed from a future version of
  CMake.

  Update the VERSION argument <min> value.  Or, use the <min>...<max> syntax
  to tell CMake that the project requires at least <min> but has been updated
  to work with policies introduced by <max> or earlier.


-- Looking for locale.h
-- Looking for locale.h - found
-- Looking for libgen.h
-- Looking for libgen.h - not found
-- Looking for unistd.h
-- Looking for unistd.h - not found
-- Looking for direct.h
-- Looking for direct.h - found
-- Looking for stdint.h
-- Looking for stdint.h - found
-- Looking for abort
-- Looking for abort - found
-- Looking for getcwd
-- Looking for getcwd - found
-- Looking for toascii
-- Looking for toascii - not found
-- Looking for dlopen in dl
-- Looking for dlopen in dl - not found
CMake Warning (dev) at ConfigureChecks.cmake:37 (INCLUDE):
  Policy CMP0148 is not set: The FindPythonInterp and FindPythonLibs modules
  are removed.  Run "cmake --help-policy CMP0148" for policy details.  Use
  the cmake_policy command to set the policy and suppress this warning.

Call Stack (most recent call first):
  CMakeLists.txt:36 (INCLUDE)
This warning is for project developers.  Use -Wno-dev to suppress it.

-- Found PythonInterp: C:/Users/Redux/AppData/Local/vcpkg/downloads/tools/python/python-3.12.7-x64-1/python.exe (found version "3.12.7")
-- Standard modules: arch_lc3b;arch_x86;listfmt_nasm;parser_gas;parser_nasm;preproc_nasm;preproc_raw;preproc_cpp;preproc_gas;dbgfmt_cv8;dbgfmt_dwarf2;dbgfmt_null;dbgfmt_stabs;objfmt_dbg;objfmt_bin;objfmt_elf;objfmt_elf32;objfmt_elf64;objfmt_elfx32;objfmt_coff;objfmt_win32;objfmt_win64;objfmt_x64;objfmt_macho;objfmt_macho32;objfmt_macho64;objfmt_rdf;objfmt_xdf
-- Generating standard plugin initialization file
-- Configuring done (4.7s)
-- Generating done (0.2s)
CMake Warning:
  Manually-specified variables were not used by the project:

    CMAKE_INSTALL_BINDIR
    CMAKE_INSTALL_LIBDIR
    FETCHCONTENT_FULLY_DISCONNECTED
    _VCPKG_ROOT_DIR


-- Build files have been written to: C:/Users/Redux/cpp-asteroids-sdl2/vcpkg_installed/vcpkg/blds/yasm/x64-windows-rel
