[33;1mVERBOSE: Resolving base path C:/Users/Redux/cpp-asteroids-sdl2/vcpkg_installed/vcpkg/pkgs/yasm_x64-windows/manual-tools/yasm/re2c.exe...[0m
[33;1mVERBOSE: Resolving C:/Users/Redux/cpp-asteroids-sdl2/vcpkg_installed/vcpkg/pkgs/yasm_x64-windows/manual-tools/yasm/re2c.exe...[0m
[33;1mVERBOSE:   KERNEL32.dll: C:\Users\Redux\cpp-asteroids-sdl2\vcpkg_installed\x64-windows\bin\KERNEL32.dll not found[0m
[33;1mVERBOSE:   VCRUNTIME140.dll: C:\Users\Redux\cpp-asteroids-sdl2\vcpkg_installed\x64-windows\bin\VCRUNTIME140.dll not found[0m
[33;1mVERBOSE:   api-ms-win-crt-stdio-l1-1-0.dll: C:\Users\Redux\cpp-asteroids-sdl2\vcpkg_installed\x64-windows\bin\api-ms-win-crt-stdio-l1-1-0.dll not found[0m
[33;1mVERBOSE:   api-ms-win-crt-heap-l1-1-0.dll: C:\Users\Redux\cpp-asteroids-sdl2\vcpkg_installed\x64-windows\bin\api-ms-win-crt-heap-l1-1-0.dll not found[0m
[33;1mVERBOSE:   api-ms-win-crt-string-l1-1-0.dll: C:\Users\Redux\cpp-asteroids-sdl2\vcpkg_installed\x64-windows\bin\api-ms-win-crt-string-l1-1-0.dll not found[0m
[33;1mVERBOSE:   api-ms-win-crt-runtime-l1-1-0.dll: C:\Users\Redux\cpp-asteroids-sdl2\vcpkg_installed\x64-windows\bin\api-ms-win-crt-runtime-l1-1-0.dll not found[0m
[33;1mVERBOSE:   api-ms-win-crt-time-l1-1-0.dll: C:\Users\Redux\cpp-asteroids-sdl2\vcpkg_installed\x64-windows\bin\api-ms-win-crt-time-l1-1-0.dll not found[0m
[33;1mVERBOSE:   api-ms-win-crt-convert-l1-1-0.dll: C:\Users\Redux\cpp-asteroids-sdl2\vcpkg_installed\x64-windows\bin\api-ms-win-crt-convert-l1-1-0.dll not found[0m
[33;1mVERBOSE:   api-ms-win-crt-math-l1-1-0.dll: C:\Users\Redux\cpp-asteroids-sdl2\vcpkg_installed\x64-windows\bin\api-ms-win-crt-math-l1-1-0.dll not found[0m
[33;1mVERBOSE:   api-ms-win-crt-locale-l1-1-0.dll: C:\Users\Redux\cpp-asteroids-sdl2\vcpkg_installed\x64-windows\bin\api-ms-win-crt-locale-l1-1-0.dll not found[0m
[33;1mVERBOSE: Done Resolving C:/Users/Redux/cpp-asteroids-sdl2/vcpkg_installed/vcpkg/pkgs/yasm_x64-windows/manual-tools/yasm/re2c.exe.[0m
[33;1mVERBOSE: 
Name                           Value
----                           -----
api-ms-win-crt-string-l1-1-0.… True
KERNEL32.dll                   True
api-ms-win-crt-runtime-l1-1-0… True
api-ms-win-crt-stdio-l1-1-0.d… True
api-ms-win-crt-math-l1-1-0.dll True
api-ms-win-crt-heap-l1-1-0.dll True
api-ms-win-crt-locale-l1-1-0.… True
VCRUNTIME140.dll               True
api-ms-win-crt-time-l1-1-0.dll True
api-ms-win-crt-convert-l1-1-0… True

[0m
