Downloading https://github.com/xiph/vorbis/archive/v1.3.7.tar.gz -> xiph-vorbis-v1.3.7.tar.gz
Successfully downloaded xiph-vorbis-v1.3.7.tar.gz
-- Extracting source C:/Users/Redux/AppData/Local/vcpkg/downloads/xiph-vorbis-v1.3.7.tar.gz
-- Applying patch 0001-Dont-export-vorbisenc-functions.patch
-- Applying patch 0002-Fixup-pkgconfig-libs.patch
-- Applying patch 0003-def-mingw-compat.patch
-- Applying patch 0004-ogg-find-dependency.patch
-- Using source at C:/Users/Redux/cpp-asteroids-sdl2/vcpkg_installed/vcpkg/blds/libvorbis/src/v1.3.7-c32164610e.clean
-- Found external ninja('1.12.1').
-- Configuring x64-windows
-- Building x64-windows-dbg
-- Building x64-windows-rel
-- Fixing pkgconfig file: C:/Users/Redux/cpp-asteroids-sdl2/vcpkg_installed/vcpkg/pkgs/libvorbis_x64-windows/lib/pkgconfig/vorbis.pc
-- Fixing pkgconfig file: C:/Users/Redux/cpp-asteroids-sdl2/vcpkg_installed/vcpkg/pkgs/libvorbis_x64-windows/lib/pkgconfig/vorbisenc.pc
-- Fixing pkgconfig file: C:/Users/Redux/cpp-asteroids-sdl2/vcpkg_installed/vcpkg/pkgs/libvorbis_x64-windows/lib/pkgconfig/vorbisfile.pc
-- Using cached msys2-mingw-w64-x86_64-pkgconf-1~2.4.3-1-any.pkg.tar.zst
-- Using cached msys2-msys2-runtime-3.6.2-2-x86_64.pkg.tar.zst
-- Using msys root at C:/Users/Redux/AppData/Local/vcpkg/downloads/tools/msys2/9272adbcaf19caef
-- Fixing pkgconfig file: C:/Users/Redux/cpp-asteroids-sdl2/vcpkg_installed/vcpkg/pkgs/libvorbis_x64-windows/debug/lib/pkgconfig/vorbis.pc
-- Fixing pkgconfig file: C:/Users/Redux/cpp-asteroids-sdl2/vcpkg_installed/vcpkg/pkgs/libvorbis_x64-windows/debug/lib/pkgconfig/vorbisenc.pc
-- Fixing pkgconfig file: C:/Users/Redux/cpp-asteroids-sdl2/vcpkg_installed/vcpkg/pkgs/libvorbis_x64-windows/debug/lib/pkgconfig/vorbisfile.pc
-- Installing: C:/Users/Redux/cpp-asteroids-sdl2/vcpkg_installed/vcpkg/pkgs/libvorbis_x64-windows/share/libvorbis/usage
-- Installing: C:/Users/Redux/cpp-asteroids-sdl2/vcpkg_installed/vcpkg/pkgs/libvorbis_x64-windows/share/libvorbis/copyright
-- Performing post-build validation
