[1/2] "C:/Program Files (x86)/Microsoft Visual Studio/2022/BuildTools/Common7/IDE/CommonExtensions/Microsoft/CMake/CMake/bin/cmake.exe" -E chdir "../../x64-windows-dbg" "C:/Program Files (x86)/Microsoft Visual Studio/2022/BuildTools/Common7/IDE/CommonExtensions/Microsoft/CMake/CMake/bin/cmake.exe" "C:/Users/Redux/cpp-asteroids-sdl2/vcpkg_installed/vcpkg/blds/wavpack/src/5.8.1-9968a5852c.clean" "-G" "Ninja" "-DCMAKE_BUILD_TYPE=Debug" "-DCMAKE_INSTALL_PREFIX=C:/Users/Redux/cpp-asteroids-sdl2/vcpkg_installed/vcpkg/pkgs/wavpack_x64-windows/debug" "-DFETCHCONTENT_FULLY_DISCONNECTED=ON" "-DWAVPACK_INSTALL_DOCS=OFF" "-DWAVPACK_BUILD_PROGRAMS=OFF" "-DWAVPACK_BUILD_COOLEDIT_PLUGIN=OFF" "-DWAVPACK_BUILD_WINAMP_PLUGIN=OFF" "-DBUILD_TESTING=OFF" "-DCMAKE_MAKE_PROGRAM=C:/Program Files (x86)/Microsoft Visual Studio/2022/BuildTools/Common7/IDE/CommonExtensions/Microsoft/CMake/Ninja/ninja.exe" "-DBUILD_SHARED_LIBS=ON" "-DVCPKG_CHAINLOAD_TOOLCHAIN_FILE=C:/Program Files (x86)/Microsoft Visual Studio/2022/BuildTools/VC/vcpkg/scripts/toolchains/windows.cmake" "-DVCPKG_TARGET_TRIPLET=x64-windows" "-DVCPKG_SET_CHARSET_FLAG=ON" "-DVCPKG_PLATFORM_TOOLSET=v143" "-DCMAKE_EXPORT_NO_PACKAGE_REGISTRY=ON" "-DCMAKE_FIND_PACKAGE_NO_PACKAGE_REGISTRY=ON" "-DCMAKE_FIND_PACKAGE_NO_SYSTEM_PACKAGE_REGISTRY=ON" "-DCMAKE_INSTALL_SYSTEM_RUNTIME_LIBS_SKIP=TRUE" "-DCMAKE_VERBOSE_MAKEFILE=ON" "-DVCPKG_APPLOCAL_DEPS=OFF" "-DCMAKE_TOOLCHAIN_FILE=C:/Program Files (x86)/Microsoft Visual Studio/2022/BuildTools/VC/vcpkg/scripts/buildsystems/vcpkg.cmake" "-DCMAKE_ERROR_ON_ABSOLUTE_INSTALL_DESTINATION=ON" "-DVCPKG_CXX_FLAGS=" "-DVCPKG_CXX_FLAGS_RELEASE=" "-DVCPKG_CXX_FLAGS_DEBUG=" "-DVCPKG_C_FLAGS=" "-DVCPKG_C_FLAGS_RELEASE=" "-DVCPKG_C_FLAGS_DEBUG=" "-DVCPKG_CRT_LINKAGE=dynamic" "-DVCPKG_LINKER_FLAGS=" "-DVCPKG_LINKER_FLAGS_RELEASE=" "-DVCPKG_LINKER_FLAGS_DEBUG=" "-DVCPKG_TARGET_ARCHITECTURE=x64" "-DCMAKE_INSTALL_LIBDIR:STRING=lib" "-DCMAKE_INSTALL_BINDIR:STRING=bin" "-D_VCPKG_ROOT_DIR=C:/Program Files (x86)/Microsoft Visual Studio/2022/BuildTools/VC/vcpkg" "-D_VCPKG_INSTALLED_DIR=C:/Users/Redux/cpp-asteroids-sdl2/vcpkg_installed" "-DVCPKG_MANIFEST_INSTALL=OFF"
-- The C compiler identification is MSVC 19.44.35217.0
-- The CXX compiler identification is MSVC 19.44.35217.0
-- Detecting C compiler ABI info
-- Detecting C compiler ABI info - done
-- Check for working C compiler: C:/Program Files (x86)/Microsoft Visual Studio/2022/BuildTools/VC/Tools/MSVC/14.44.35207/bin/Hostx64/x64/cl.exe - skipped
-- Detecting C compile features
-- Detecting C compile features - done
-- Detecting CXX compiler ABI info
-- Detecting CXX compiler ABI info - done
-- Check for working CXX compiler: C:/Program Files (x86)/Microsoft Visual Studio/2022/BuildTools/VC/Tools/MSVC/14.44.35207/bin/Hostx64/x64/cl.exe - skipped
-- Detecting CXX compile features
-- Detecting CXX compile features - done
-- Looking for a ASM compiler
-- Looking for a ASM compiler - C:/Program Files (x86)/Microsoft Visual Studio/2022/BuildTools/VC/Tools/MSVC/14.44.35207/bin/Hostx64/x64/cl.exe
-- The ASM compiler identification is MSVC
-- Found assembler: C:/Program Files (x86)/Microsoft Visual Studio/2022/BuildTools/VC/Tools/MSVC/14.44.35207/bin/Hostx64/x64/cl.exe
-- Looking for cos in m
-- Looking for cos in m - not found
-- Could NOT find Iconv (missing: Iconv_LIBRARY Iconv_INCLUDE_DIR) 
-- Performing Test HAVE___BUILTIN_CLZ
-- Performing Test HAVE___BUILTIN_CLZ - Failed
-- Checking large files support...
-- Looking for sys/types.h
-- Looking for sys/types.h - found
-- Looking for stdint.h
-- Looking for stdint.h - found
-- Looking for stddef.h
-- Looking for stddef.h - found
-- Checking size of off_t without any definitions:
-- Check size of off_t
-- Check size of off_t - done
-- Checking of off_t without any definitions: 4
-- Checking size of off_t with _FILE_OFFSET_BITS=64:
-- Check size of off_t
-- Check size of off_t - done
-- Checking size of off_t with _FILE_OFFSET_BITS=64: 4
-- Checking size of off_t with _LARGE_FILES:
-- Check size of off_t
-- Check size of off_t - done
-- Checking size of off_t with _LARGE_FILES: 4
-- Checking size of off_t with _LARGEFILE_SOURCE:
-- Check size of off_t
-- Check size of off_t - done
-- Checking size of off_t with _LARGEFILE_SOURCE: 4
Result of checking large files support: not supported
-- Looking for fseeko
-- Looking for fseeko - not found
-- Detecting Target CPU Architecture
-- Detecting Target CPU Architecture - X64
-- The following features have been enabled:

 * BUILD_SHARED_LIBS, Build shared library.
 * WAVPACK_ENABLE_DSD, Enable support for WavPack DSD files.
 * WAVPACK_ENABLE_THREADS, Enable support for threading in libwavpack.
 * WAVPACK_INSTALL_CMAKE_MODULE, Generate and install CMake package configuration module.
 * WAVPACK_INSTALL_PKGCONFIG_MODULE, Generate and install wavpack.pc.

-- The following features have been disabled:

 * BUILD_TESTING, Build tests.
 * WAVPACK_ENABLE_LEGACY, Decode legacy (< 4.0) WavPack files.
 * WAVPACK_ENABLE_ASM, Enable assembly optimizations.
 * WAVPACK_BUILD_PROGRAMS, Build programs.
 * WAVPACK_BUILD_COOLEDIT_PLUGIN, Build CoolEdit plugin.
 * WAVPACK_BUILD_WINAMP_PLUGIN, Build WinAmp plugin.
 * WAVPACK_INSTALL_DOCS, Install documentation.

-- The following RECOMMENDED packages have not been found:

 * Iconv, converts from one character encoding to another through Unicode conversion 
   Required to build programs.

-- Configuring done (6.9s)
-- Generating done (0.1s)
CMake Warning:
  Manually-specified variables were not used by the project:

    FETCHCONTENT_FULLY_DISCONNECTED
    _VCPKG_ROOT_DIR


-- Build files have been written to: C:/Users/Redux/cpp-asteroids-sdl2/vcpkg_installed/vcpkg/blds/wavpack/x64-windows-dbg
[2/2] "C:/Program Files (x86)/Microsoft Visual Studio/2022/BuildTools/Common7/IDE/CommonExtensions/Microsoft/CMake/CMake/bin/cmake.exe" -E chdir ".." "C:/Program Files (x86)/Microsoft Visual Studio/2022/BuildTools/Common7/IDE/CommonExtensions/Microsoft/CMake/CMake/bin/cmake.exe" "C:/Users/Redux/cpp-asteroids-sdl2/vcpkg_installed/vcpkg/blds/wavpack/src/5.8.1-9968a5852c.clean" "-G" "Ninja" "-DCMAKE_BUILD_TYPE=Release" "-DCMAKE_INSTALL_PREFIX=C:/Users/Redux/cpp-asteroids-sdl2/vcpkg_installed/vcpkg/pkgs/wavpack_x64-windows" "-DFETCHCONTENT_FULLY_DISCONNECTED=ON" "-DWAVPACK_INSTALL_DOCS=OFF" "-DWAVPACK_BUILD_PROGRAMS=OFF" "-DWAVPACK_BUILD_COOLEDIT_PLUGIN=OFF" "-DWAVPACK_BUILD_WINAMP_PLUGIN=OFF" "-DBUILD_TESTING=OFF" "-DCMAKE_MAKE_PROGRAM=C:/Program Files (x86)/Microsoft Visual Studio/2022/BuildTools/Common7/IDE/CommonExtensions/Microsoft/CMake/Ninja/ninja.exe" "-DBUILD_SHARED_LIBS=ON" "-DVCPKG_CHAINLOAD_TOOLCHAIN_FILE=C:/Program Files (x86)/Microsoft Visual Studio/2022/BuildTools/VC/vcpkg/scripts/toolchains/windows.cmake" "-DVCPKG_TARGET_TRIPLET=x64-windows" "-DVCPKG_SET_CHARSET_FLAG=ON" "-DVCPKG_PLATFORM_TOOLSET=v143" "-DCMAKE_EXPORT_NO_PACKAGE_REGISTRY=ON" "-DCMAKE_FIND_PACKAGE_NO_PACKAGE_REGISTRY=ON" "-DCMAKE_FIND_PACKAGE_NO_SYSTEM_PACKAGE_REGISTRY=ON" "-DCMAKE_INSTALL_SYSTEM_RUNTIME_LIBS_SKIP=TRUE" "-DCMAKE_VERBOSE_MAKEFILE=ON" "-DVCPKG_APPLOCAL_DEPS=OFF" "-DCMAKE_TOOLCHAIN_FILE=C:/Program Files (x86)/Microsoft Visual Studio/2022/BuildTools/VC/vcpkg/scripts/buildsystems/vcpkg.cmake" "-DCMAKE_ERROR_ON_ABSOLUTE_INSTALL_DESTINATION=ON" "-DVCPKG_CXX_FLAGS=" "-DVCPKG_CXX_FLAGS_RELEASE=" "-DVCPKG_CXX_FLAGS_DEBUG=" "-DVCPKG_C_FLAGS=" "-DVCPKG_C_FLAGS_RELEASE=" "-DVCPKG_C_FLAGS_DEBUG=" "-DVCPKG_CRT_LINKAGE=dynamic" "-DVCPKG_LINKER_FLAGS=" "-DVCPKG_LINKER_FLAGS_RELEASE=" "-DVCPKG_LINKER_FLAGS_DEBUG=" "-DVCPKG_TARGET_ARCHITECTURE=x64" "-DCMAKE_INSTALL_LIBDIR:STRING=lib" "-DCMAKE_INSTALL_BINDIR:STRING=bin" "-D_VCPKG_ROOT_DIR=C:/Program Files (x86)/Microsoft Visual Studio/2022/BuildTools/VC/vcpkg" "-D_VCPKG_INSTALLED_DIR=C:/Users/Redux/cpp-asteroids-sdl2/vcpkg_installed" "-DVCPKG_MANIFEST_INSTALL=OFF"
-- The C compiler identification is MSVC 19.44.35217.0
-- The CXX compiler identification is MSVC 19.44.35217.0
-- Detecting C compiler ABI info
-- Detecting C compiler ABI info - done
-- Check for working C compiler: C:/Program Files (x86)/Microsoft Visual Studio/2022/BuildTools/VC/Tools/MSVC/14.44.35207/bin/Hostx64/x64/cl.exe - skipped
-- Detecting C compile features
-- Detecting C compile features - done
-- Detecting CXX compiler ABI info
-- Detecting CXX compiler ABI info - done
-- Check for working CXX compiler: C:/Program Files (x86)/Microsoft Visual Studio/2022/BuildTools/VC/Tools/MSVC/14.44.35207/bin/Hostx64/x64/cl.exe - skipped
-- Detecting CXX compile features
-- Detecting CXX compile features - done
-- Looking for a ASM compiler
-- Looking for a ASM compiler - C:/Program Files (x86)/Microsoft Visual Studio/2022/BuildTools/VC/Tools/MSVC/14.44.35207/bin/Hostx64/x64/cl.exe
-- The ASM compiler identification is MSVC
-- Found assembler: C:/Program Files (x86)/Microsoft Visual Studio/2022/BuildTools/VC/Tools/MSVC/14.44.35207/bin/Hostx64/x64/cl.exe
-- Looking for cos in m
-- Looking for cos in m - not found
-- Could NOT find Iconv (missing: Iconv_LIBRARY Iconv_INCLUDE_DIR) 
-- Performing Test HAVE___BUILTIN_CLZ
-- Performing Test HAVE___BUILTIN_CLZ - Failed
-- Checking large files support...
-- Looking for sys/types.h
-- Looking for sys/types.h - found
-- Looking for stdint.h
-- Looking for stdint.h - found
-- Looking for stddef.h
-- Looking for stddef.h - found
-- Checking size of off_t without any definitions:
-- Check size of off_t
-- Check size of off_t - done
-- Checking of off_t without any definitions: 4
-- Checking size of off_t with _FILE_OFFSET_BITS=64:
-- Check size of off_t
-- Check size of off_t - done
-- Checking size of off_t with _FILE_OFFSET_BITS=64: 4
-- Checking size of off_t with _LARGE_FILES:
-- Check size of off_t
-- Check size of off_t - done
-- Checking size of off_t with _LARGE_FILES: 4
-- Checking size of off_t with _LARGEFILE_SOURCE:
-- Check size of off_t
-- Check size of off_t - done
-- Checking size of off_t with _LARGEFILE_SOURCE: 4
Result of checking large files support: not supported
-- Looking for fseeko
-- Looking for fseeko - not found
-- Detecting Target CPU Architecture
-- Detecting Target CPU Architecture - X64
-- The following features have been enabled:

 * BUILD_SHARED_LIBS, Build shared library.
 * WAVPACK_ENABLE_DSD, Enable support for WavPack DSD files.
 * WAVPACK_ENABLE_THREADS, Enable support for threading in libwavpack.
 * WAVPACK_INSTALL_CMAKE_MODULE, Generate and install CMake package configuration module.
 * WAVPACK_INSTALL_PKGCONFIG_MODULE, Generate and install wavpack.pc.

-- The following features have been disabled:

 * BUILD_TESTING, Build tests.
 * WAVPACK_ENABLE_LEGACY, Decode legacy (< 4.0) WavPack files.
 * WAVPACK_ENABLE_ASM, Enable assembly optimizations.
 * WAVPACK_BUILD_PROGRAMS, Build programs.
 * WAVPACK_BUILD_COOLEDIT_PLUGIN, Build CoolEdit plugin.
 * WAVPACK_BUILD_WINAMP_PLUGIN, Build WinAmp plugin.
 * WAVPACK_INSTALL_DOCS, Install documentation.

-- The following RECOMMENDED packages have not been found:

 * Iconv, converts from one character encoding to another through Unicode conversion 
   Required to build programs.

-- Configuring done (6.9s)
-- Generating done (0.1s)
CMake Warning:
  Manually-specified variables were not used by the project:

    FETCHCONTENT_FULLY_DISCONNECTED
    _VCPKG_ROOT_DIR


-- Build files have been written to: C:/Users/Redux/cpp-asteroids-sdl2/vcpkg_installed/vcpkg/blds/wavpack/x64-windows-rel
